2025-05-02 13:30:04 INFO     root  - Rasa server is up and running.
2025-05-02 13:30:04 INFO     root  - Enabling coroutine debugging. Loop id 3227157422.
2025-05-02 13:30:13 DEBUG    rasa.core.lock_store  - Issuing ticket for conversation 'PractikumStudent'.
2025-05-02 13:30:13 DEBUG    rasa.core.lock_store  - Acquiring lock for conversation 'PractikumStudent'.
2025-05-02 13:30:13 DEBUG    rasa.core.lock_store  - Acquired lock for conversation 'PractikumStudent'.
2025-05-02 13:30:13 DEBUG    rasa.core.tracker_store  - Could not find tracker for conversation ID 'PractikumStudent'.
2025-05-02 13:30:13 DEBUG    rasa.core.tracker_store  - No event broker configured. Skipping streaming events.
2025-05-02 13:30:13 DEBUG    rasa.core.processor  - Starting a new session for conversation ID 'PractikumStudent'.
2025-05-02 13:30:13 DEBUG    rasa.core.processor  - [debug    ] processor.actions.policy_prediction prediction_events=[]
2025-05-02 13:30:13 DEBUG    rasa.core.processor  - [debug    ] processor.actions.log          action_name=action_session_start rasa_events=[<rasa.shared.core.events.SessionStarted object at 0x3191db2b0>, ActionExecuted(action: action_listen, policy: None, confidence: None)]
2025-05-02 13:30:13 DEBUG    rasa.core.processor  - [debug    ] processor.slots.log            slot_values=	topic: None
	session_started_metadata: None
2025-05-02 13:30:13 DEBUG    rasa.engine.runner.dask  - Running graph with inputs: {'__message__': [<rasa.core.channels.channel.UserMessage object at 0x161238640>], '__tracker__': <rasa.shared.core.trackers.DialogueStateTracker object at 0x31e6586a0>}, targets: ['run_RegexMessageHandler'] and ExecutionContext(model_id='r43y5c8395434ac385e66b795f1422dd', should_add_diagnostic_data=False, is_finetuning=False, node_name=None).
2025-05-02 13:30:13 DEBUG    rasa.engine.graph  - Node 'nlu_message_converter' running 'NLUMessageConverter.convert_user_message'.
2025-05-02 13:30:13 DEBUG    rasa.engine.graph  - Node 'run_WhitespaceTokenizer0' running 'WhitespaceTokenizer.process'.
2025-05-02 13:30:13 DEBUG    rasa.engine.graph  - Node 'run_RegexFeaturizer1' running 'RegexFeaturizer.process'.
2025-05-02 13:30:13 DEBUG    rasa.engine.graph  - Node 'run_LexicalSyntacticFeaturizer2' running 'LexicalSyntacticFeaturizer.process'.
2025-05-02 13:30:13 DEBUG    rasa.engine.graph  - Node 'run_CountVectorsFeaturizer3' running 'CountVectorsFeaturizer.process'.
2025-05-02 13:30:13 DEBUG    rasa.engine.graph  - Node 'run_LanguageModelFeaturizer4' running 'LanguageModelFeaturizer.process'.
2025-05-02 13:30:13 DEBUG    rasa.engine.graph  - Node 'run_DIETClassifier5' running 'DIETClassifier.process'.
2025-05-02 13:30:14 DEBUG    rasa.engine.graph  - Node 'run_FallbackClassifier6' running 'FallbackClassifier.process'.
2025-05-02 13:30:14 DEBUG    rasa.engine.graph  - Node 'domain_provider' running 'DomainProvider.provide_inference'.
2025-05-02 13:30:14 DEBUG    rasa.engine.graph  - Node 'run_RegexMessageHandler' running 'RegexMessageHandler.process'.
2025-05-02 13:30:14 DEBUG    rasa.core.processor  - [debug    ] processor.message.parse        parse_data_entities=[] parse_data_intent={'name': 'greet', 'confidence': 0.9999997615814209} parse_data_text=Привет
2025-05-02 13:30:14 DEBUG    rasa.core.processor  - Logged UserUtterance - tracker now has 4 events.
2025-05-02 13:30:14 DEBUG    rasa.core.actions.action  - Validating extracted slots: topic
2025-05-02 13:30:14 DEBUG    rasa.core.processor  - [debug    ] processor.extract.slots        action_extract_slot=action_extract_slots len_extraction_events=1 rasa_events=[SlotSet(key: topic, value: Привет)]
2025-05-02 13:30:14 DEBUG    rasa.engine.runner.dask  - Running graph with inputs: {'__tracker__': <rasa.shared.core.trackers.DialogueStateTracker object at 0x31e6586a0>}, targets: ['select_prediction'] and ExecutionContext(model_id='r43y5c8395434ac385e66b795f1422dd', should_add_diagnostic_data=False, is_finetuning=False, node_name=None).
2025-05-02 13:30:14 DEBUG    rasa.engine.graph  - Node 'rule_only_data_provider' running 'RuleOnlyDataProvider.provide'.
2025-05-02 13:30:14 DEBUG    rasa.engine.graph  - Node 'domain_provider' running 'DomainProvider.provide_inference'.
2025-05-02 13:30:14 DEBUG    rasa.engine.graph  - Node 'run_MemoizationPolicy1' running 'MemoizationPolicy.predict_action_probabilities'.
2025-05-02 13:30:14 DEBUG    rasa.core.policies.memoization  - [debug    ] memoization.predict.actions    tracker_states=[{}, {'user': {'intent': 'greet'}, 'prev_action': {'action_name': 'action_listen'}}]
2025-05-02 13:30:14 DEBUG    rasa.core.policies.memoization  - There is a memorised next action 'utter_greet'
2025-05-02 13:30:14 DEBUG    rasa.engine.graph  - Node 'run_RulePolicy0' running 'RulePolicy.predict_action_probabilities'.
2025-05-02 13:30:14 DEBUG    rasa.core.policies.rule_policy  - [debug    ] rule_policy.actions.find       current_states=
[state 1] user text: Привет | previous action name: action_listen
2025-05-02 13:30:14 DEBUG    rasa.core.policies.rule_policy  - There is no applicable rule.
2025-05-02 13:30:14 DEBUG    rasa.core.policies.rule_policy  - [debug    ] rule_policy.actions.find       current_states=
[state 1] user intent: greet | previous action name: action_listen
2025-05-02 13:30:14 DEBUG    rasa.core.policies.rule_policy  - There is a rule for the next action 'utter_greet'.
2025-05-02 13:30:14 DEBUG    rasa.engine.graph  - Node 'run_TEDPolicy2' running 'TEDPolicy.predict_action_probabilities'.
2025-05-02 13:30:14 DEBUG    rasa.core.policies.ted_policy  - TED predicted 'action_default_ask_affirmation' based on user intent.
2025-05-02 13:30:14 DEBUG    rasa.engine.graph  - Node 'select_prediction' running 'DefaultPolicyPredictionEnsemble.combine_predictions_from_kwargs'.
2025-05-02 13:30:14 DEBUG    rasa.core.policies.ensemble  - Made prediction using user intent.
2025-05-02 13:30:14 DEBUG    rasa.core.policies.ensemble  - Added `DefinePrevUserUtteredFeaturization(False)` event.
2025-05-02 13:30:14 DEBUG    rasa.core.policies.ensemble  - Predicted next action using RulePolicy.
2025-05-02 13:30:14 DEBUG    rasa.core.processor  - Predicted next action 'utter_greet' with confidence 1.00.
2025-05-02 13:30:14 DEBUG    rasa.core.processor  - [debug    ] processor.actions.policy_prediction prediction_events=[<rasa.shared.core.events.DefinePrevUserUtteredFeaturization object at 0x31973a1c0>]
2025-05-02 13:30:14 DEBUG    rasa.core.processor  - [debug    ] processor.actions.log          action_name=utter_greet rasa_events=[BotUttered('Привет! Чем могу помочь в области архитектуры программного обеспечения?', {"elements": null, "quick_replies": null, "buttons": null, "attachment": null, "image": null, "custom": null}, {"utter_action": "utter_greet"}, 1743634214.0771961)]
2025-05-02 13:30:14 DEBUG    rasa.engine.runner.dask  - Running graph with inputs: {'__tracker__': <rasa.shared.core.trackers.DialogueStateTracker object at 0x31e6586a0>}, targets: ['select_prediction'] and ExecutionContext(model_id='r43y5c8395434ac385e66b795f1422dd', should_add_diagnostic_data=False, is_finetuning=False, node_name=None).
2025-05-02 13:30:14 DEBUG    rasa.engine.graph  - Node 'rule_only_data_provider' running 'RuleOnlyDataProvider.provide'.
2025-05-02 13:30:14 DEBUG    rasa.engine.graph  - Node 'domain_provider' running 'DomainProvider.provide_inference'.
2025-05-02 13:30:14 DEBUG    rasa.engine.graph  - Node 'run_MemoizationPolicy1' running 'MemoizationPolicy.predict_action_probabilities'.
2025-05-02 13:30:14 DEBUG    rasa.core.policies.memoization  - [debug    ] memoization.predict.actions    tracker_states=[{}, {'user': {'intent': 'greet'}, 'prev_action': {'action_name': 'action_listen'}}, {'user': {'intent': 'greet'}, 'prev_action': {'action_name': 'utter_greet'}}]
2025-05-02 13:30:14 DEBUG    rasa.core.policies.memoization  - There is a memorised next action 'action_listen'
2025-05-02 13:30:14 DEBUG    rasa.engine.graph  - Node 'run_RulePolicy0' running 'RulePolicy.predict_action_probabilities'.
2025-05-02 13:30:14 DEBUG    rasa.core.policies.rule_policy  - [debug    ] rule_policy.actions.find       current_states=
[state 1] user intent: greet | previous action name: action_listen
[state 2] user intent: greet | previous action name: utter_greet
2025-05-02 13:30:14 DEBUG    rasa.core.policies.rule_policy  - There is a rule for the next action 'action_listen'.
2025-05-02 13:30:14 DEBUG    rasa.engine.graph  - Node 'run_TEDPolicy2' running 'TEDPolicy.predict_action_probabilities'.
2025-05-02 13:30:14 DEBUG    rasa.core.policies.ted_policy  - TED predicted 'action_session_start' based on user intent.
2025-05-02 13:30:14 DEBUG    rasa.engine.graph  - Node 'select_prediction' running 'DefaultPolicyPredictionEnsemble.combine_predictions_from_kwargs'.
2025-05-02 13:30:14 DEBUG    rasa.core.policies.ensemble  - Predicted next action using RulePolicy.
2025-05-02 13:30:14 DEBUG    rasa.core.processor  - Predicted next action 'action_listen' with confidence 1.00.
2025-05-02 13:30:14 DEBUG    rasa.core.processor  - [debug    ] processor.actions.policy_prediction prediction_events=[]
2025-05-02 13:30:14 DEBUG    rasa.core.processor  - [debug    ] processor.actions.log          action_name=action_listen rasa_events=[]
2025-05-02 13:30:14 DEBUG    rasa.core.tracker_store  - No event broker configured. Skipping streaming events.
2025-05-02 13:30:14 DEBUG    rasa.core.lock_store  - Deleted lock for conversation 'PractikumStudent'.
2025-05-02 13:30:19 DEBUG    rasa.core.lock_store  - Issuing ticket for conversation 'PractikumStudent'.
2025-05-02 13:30:19 DEBUG    rasa.core.lock_store  - Acquiring lock for conversation 'PractikumStudent'.
2025-05-02 13:30:19 DEBUG    rasa.core.lock_store  - Acquired lock for conversation 'PractikumStudent'.
2025-05-02 13:30:19 DEBUG    rasa.core.tracker_store  - Recreating tracker for id 'PractikumStudent'
2025-05-02 13:30:19 DEBUG    rasa.engine.runner.dask  - Running graph with inputs: {'__message__': [<rasa.core.channels.channel.UserMessage object at 0x317787fa0>], '__tracker__': <rasa.shared.core.trackers.DialogueStateTracker object at 0x31e658940>}, targets: ['run_RegexMessageHandler'] and ExecutionContext(model_id='r43y5c8395434ac385e66b795f1422dd', should_add_diagnostic_data=False, is_finetuning=False, node_name=None).
2025-05-02 13:30:19 DEBUG    rasa.engine.graph  - Node 'nlu_message_converter' running 'NLUMessageConverter.convert_user_message'.
2025-05-02 13:30:19 DEBUG    rasa.engine.graph  - Node 'run_WhitespaceTokenizer0' running 'WhitespaceTokenizer.process'.
2025-05-02 13:30:19 DEBUG    rasa.engine.graph  - Node 'run_RegexFeaturizer1' running 'RegexFeaturizer.process'.
2025-05-02 13:30:19 DEBUG    rasa.engine.graph  - Node 'run_LexicalSyntacticFeaturizer2' running 'LexicalSyntacticFeaturizer.process'.
2025-05-02 13:30:19 DEBUG    rasa.engine.graph  - Node 'run_CountVectorsFeaturizer3' running 'CountVectorsFeaturizer.process'.
2025-05-02 13:30:19 DEBUG    rasa.engine.graph  - Node 'run_LanguageModelFeaturizer4' running 'LanguageModelFeaturizer.process'.
2025-05-02 13:30:19 DEBUG    rasa.engine.graph  - Node 'run_DIETClassifier5' running 'DIETClassifier.process'.
2025-05-02 13:30:19 DEBUG    rasa.engine.graph  - Node 'run_FallbackClassifier6' running 'FallbackClassifier.process'.
2025-05-02 13:30:19 DEBUG    rasa.engine.graph  - Node 'domain_provider' running 'DomainProvider.provide_inference'.
2025-05-02 13:30:19 DEBUG    rasa.engine.graph  - Node 'run_RegexMessageHandler' running 'RegexMessageHandler.process'.
2025-05-02 13:30:19 DEBUG    rasa.core.processor  - [debug    ] processor.message.parse        parse_data_entities=[] parse_data_intent={'name': 'greet', 'confidence': 0.9999997615814209} parse_data_text=Здравствуйте
2025-05-02 13:30:19 DEBUG    rasa.core.processor  - Logged UserUtterance - tracker now has 10 events.
2025-05-02 13:30:19 DEBUG    rasa.core.actions.action  - Validating extracted slots: topic
2025-05-02 13:30:19 DEBUG    rasa.core.processor  - [debug    ] processor.extract.slots        action_extract_slot=action_extract_slots len_extraction_events=1 rasa_events=[SlotSet(key: topic, value: Здравствуйте)]
2025-05-02 13:30:19 DEBUG    rasa.engine.runner.dask  - Running graph with inputs: {'__tracker__': <rasa.shared.core.trackers.DialogueStateTracker object at 0x31e658940>}, targets: ['select_prediction'] and ExecutionContext(model_id='r43y5c8395434ac385e66b795f1422dd', should_add_diagnostic_data=False, is_finetuning=False, node_name=None).
2025-05-02 13:30:19 DEBUG    rasa.engine.graph  - Node 'rule_only_data_provider' running 'RuleOnlyDataProvider.provide'.
2025-05-02 13:30:19 DEBUG    rasa.engine.graph  - Node 'domain_provider' running 'DomainProvider.provide_inference'.
2025-05-02 13:30:19 DEBUG    rasa.engine.graph  - Node 'run_MemoizationPolicy1' running 'MemoizationPolicy.predict_action_probabilities'.
2025-05-02 13:30:19 DEBUG    rasa.core.policies.memoization  - [debug    ] memoization.predict.actions    tracker_states=[{}, {'user': {'intent': 'greet'}, 'prev_action': {'action_name': 'action_listen'}}, {'user': {'intent': 'greet'}, 'prev_action': {'action_name': 'utter_greet'}}, {'user': {'intent': 'greet'}, 'prev_action': {'action_name': 'action_listen'}}]
2025-05-02 13:30:19 DEBUG    rasa.core.policies.memoization  - There is no memorised next action
2025-05-02 13:30:19 DEBUG    rasa.engine.graph  - Node 'run_RulePolicy0' running 'RulePolicy.predict_action_probabilities'.
2025-05-02 13:30:19 DEBUG    rasa.core.policies.rule_policy  - [debug    ] rule_policy.actions.find       current_states=
[state 1] user intent: greet | previous action name: action_listen
[state 2] user intent: greet | previous action name: utter_greet
[state 3] user text: Здравствуйте | previous action name: action_listen
2025-05-02 13:30:19 DEBUG    rasa.core.policies.rule_policy  - There is no applicable rule.
2025-05-02 13:30:19 DEBUG    rasa.core.policies.rule_policy  - [debug    ] rule_policy.actions.find       current_states=
[state 1] user intent: greet | previous action name: action_listen
[state 2] user intent: greet | previous action name: utter_greet
[state 3] user intent: greet | previous action name: action_listen
2025-05-02 13:30:19 DEBUG    rasa.core.policies.rule_policy  - There is a rule for the next action 'utter_greet'.
2025-05-02 13:30:19 DEBUG    rasa.engine.graph  - Node 'run_TEDPolicy2' running 'TEDPolicy.predict_action_probabilities'.
2025-05-02 13:30:19 DEBUG    rasa.core.policies.ted_policy  - TED predicted 'utter_architecture_response' based on user intent.
2025-05-02 13:30:19 DEBUG    rasa.engine.graph  - Node 'select_prediction' running 'DefaultPolicyPredictionEnsemble.combine_predictions_from_kwargs'.
2025-05-02 13:30:19 DEBUG    rasa.core.policies.ensemble  - Made prediction using user intent.
2025-05-02 13:30:19 DEBUG    rasa.core.policies.ensemble  - Added `DefinePrevUserUtteredFeaturization(False)` event.
2025-05-02 13:30:19 DEBUG    rasa.core.policies.ensemble  - Predicted next action using RulePolicy.
2025-05-02 13:30:19 DEBUG    rasa.core.processor  - Predicted next action 'utter_greet' with confidence 1.00.
2025-05-02 13:30:19 DEBUG    rasa.core.processor  - [debug    ] processor.actions.policy_prediction prediction_events=[<rasa.shared.core.events.DefinePrevUserUtteredFeaturization object at 0x31d8cfbb0>]
2025-05-02 13:30:19 DEBUG    rasa.core.processor  - [debug    ] processor.actions.log          action_name=utter_greet rasa_events=[BotUttered('Привет! Чем могу помочь в области архитектуры программного обеспечения?', {"elements": null, "quick_replies": null, "buttons": null, "attachment": null, "image": null, "custom": null}, {"utter_action": "utter_greet"}, 1743634219.811043)]
2025-05-02 13:30:19 DEBUG    rasa.engine.runner.dask  - Running graph with inputs: {'__tracker__': <rasa.shared.core.trackers.DialogueStateTracker object at 0x31e658940>}, targets: ['select_prediction'] and ExecutionContext(model_id='r43y5c8395434ac385e66b795f1422dd', should_add_diagnostic_data=False, is_finetuning=False, node_name=None).
2025-05-02 13:30:19 DEBUG    rasa.engine.graph  - Node 'rule_only_data_provider' running 'RuleOnlyDataProvider.provide'.
2025-05-02 13:30:19 DEBUG    rasa.engine.graph  - Node 'domain_provider' running 'DomainProvider.provide_inference'.
2025-05-02 13:30:19 DEBUG    rasa.engine.graph  - Node 'run_MemoizationPolicy1' running 'MemoizationPolicy.predict_action_probabilities'.
2025-05-02 13:30:19 DEBUG    rasa.core.policies.memoization  - [debug    ] memoization.predict.actions    tracker_states=[{}, {'user': {'intent': 'greet'}, 'prev_action': {'action_name': 'action_listen'}}, {'user': {'intent': 'greet'}, 'prev_action': {'action_name': 'utter_greet'}}, {'user': {'intent': 'greet'}, 'prev_action': {'action_name': 'action_listen'}}, {'user': {'intent': 'greet'}, 'prev_action': {'action_name': 'utter_greet'}}]
2025-05-02 13:30:19 DEBUG    rasa.core.policies.memoization  - There is no memorised next action
2025-05-02 13:30:19 DEBUG    rasa.engine.graph  - Node 'run_RulePolicy0' running 'RulePolicy.predict_action_probabilities'.
2025-05-02 13:30:19 DEBUG    rasa.core.policies.rule_policy  - [debug    ] rule_policy.actions.find       current_states=
[state 1] user intent: greet | previous action name: action_listen
[state 2] user intent: greet | previous action name: utter_greet
[state 3] user intent: greet | previous action name: action_listen
[state 4] user intent: greet | previous action name: utter_greet
2025-05-02 13:30:19 DEBUG    rasa.core.policies.rule_policy  - There is a rule for the next action 'action_listen'.
2025-05-02 13:30:19 DEBUG    rasa.engine.graph  - Node 'run_TEDPolicy2' running 'TEDPolicy.predict_action_probabilities'.
2025-05-02 13:30:19 DEBUG    rasa.core.policies.ted_policy  - TED predicted 'action_session_start' based on user intent.
2025-05-02 13:30:19 DEBUG    rasa.engine.graph  - Node 'select_prediction' running 'DefaultPolicyPredictionEnsemble.combine_predictions_from_kwargs'.
2025-05-02 13:30:19 DEBUG    rasa.core.policies.ensemble  - Predicted next action using RulePolicy.
2025-05-02 13:30:19 DEBUG    rasa.core.processor  - Predicted next action 'action_listen' with confidence 1.00.
2025-05-02 13:30:19 DEBUG    rasa.core.processor  - [debug    ] processor.actions.policy_prediction prediction_events=[]
2025-05-02 13:30:19 DEBUG    rasa.core.processor  - [debug    ] processor.actions.log          action_name=action_listen rasa_events=[]
2025-05-02 13:30:19 DEBUG    rasa.core.tracker_store  - No event broker configured. Skipping streaming events.
2025-05-02 13:30:19 DEBUG    rasa.core.lock_store  - Deleted lock for conversation 'PractikumStudent'.
2025-05-02 13:30:28 DEBUG    rasa.core.lock_store  - Issuing ticket for conversation 'PractikumStudent'.
2025-05-02 13:30:28 DEBUG    rasa.core.lock_store  - Acquiring lock for conversation 'PractikumStudent'.
2025-05-02 13:30:28 DEBUG    rasa.core.lock_store  - Acquired lock for conversation 'PractikumStudent'.
2025-05-02 13:30:28 DEBUG    rasa.core.tracker_store  - Recreating tracker for id 'PractikumStudent'
2025-05-02 13:30:28 DEBUG    rasa.engine.runner.dask  - Running graph with inputs: {'__message__': [<rasa.core.channels.channel.UserMessage object at 0x317561ca0>], '__tracker__': <rasa.shared.core.trackers.DialogueStateTracker object at 0x3191dba00>}, targets: ['run_RegexMessageHandler'] and ExecutionContext(model_id='r43y5c8395434ac385e66b795f1422dd', should_add_diagnostic_data=False, is_finetuning=False, node_name=None).
2025-05-02 13:30:28 DEBUG    rasa.engine.graph  - Node 'nlu_message_converter' running 'NLUMessageConverter.convert_user_message'.
2025-05-02 13:30:28 DEBUG    rasa.engine.graph  - Node 'run_WhitespaceTokenizer0' running 'WhitespaceTokenizer.process'.
2025-05-02 13:30:28 DEBUG    rasa.engine.graph  - Node 'run_RegexFeaturizer1' running 'RegexFeaturizer.process'.
2025-05-02 13:30:28 DEBUG    rasa.engine.graph  - Node 'run_LexicalSyntacticFeaturizer2' running 'LexicalSyntacticFeaturizer.process'.
2025-05-02 13:30:28 DEBUG    rasa.engine.graph  - Node 'run_CountVectorsFeaturizer3' running 'CountVectorsFeaturizer.process'.
2025-05-02 13:30:28 DEBUG    rasa.engine.graph  - Node 'run_LanguageModelFeaturizer4' running 'LanguageModelFeaturizer.process'.
2025-05-02 13:30:28 DEBUG    rasa.engine.graph  - Node 'run_DIETClassifier5' running 'DIETClassifier.process'.
2025-05-02 13:30:28 DEBUG    rasa.engine.graph  - Node 'run_FallbackClassifier6' running 'FallbackClassifier.process'.
2025-05-02 13:30:28 DEBUG    rasa.engine.graph  - Node 'domain_provider' running 'DomainProvider.provide_inference'.
2025-05-02 13:30:28 DEBUG    rasa.engine.graph  - Node 'run_RegexMessageHandler' running 'RegexMessageHandler.process'.
2025-05-02 13:30:28 DEBUG    rasa.core.processor  - [debug    ] processor.message.parse        parse_data_entities=[] parse_data_intent={'name': 'ask_architecture', 'confidence': 1.0} parse_data_text=Расскажите об архитектуре программного обеспечения
2025-05-02 13:30:28 DEBUG    rasa.core.processor  - Logged UserUtterance - tracker now has 16 events.
2025-05-02 13:30:28 DEBUG    rasa.core.actions.action  - Validating extracted slots: topic
2025-05-02 13:30:28 DEBUG    rasa.core.processor  - [debug    ] processor.extract.slots        action_extract_slot=action_extract_slots len_extraction_events=1 rasa_events=[SlotSet(key: topic, value: Расскажите об архитектуре программного обеспечения)]
2025-05-02 13:30:28 DEBUG    rasa.engine.runner.dask  - Running graph with inputs: {'__tracker__': <rasa.shared.core.trackers.DialogueStateTracker object at 0x3191dba00>}, targets: ['select_prediction'] and ExecutionContext(model_id='r43y5c8395434ac385e66b795f1422dd', should_add_diagnostic_data=False, is_finetuning=False, node_name=None).
2025-05-02 13:30:28 DEBUG    rasa.engine.graph  - Node 'rule_only_data_provider' running 'RuleOnlyDataProvider.provide'.
2025-05-02 13:30:28 DEBUG    rasa.engine.graph  - Node 'domain_provider' running 'DomainProvider.provide_inference'.
2025-05-02 13:30:28 DEBUG    rasa.engine.graph  - Node 'run_MemoizationPolicy1' running 'MemoizationPolicy.predict_action_probabilities'.
2025-05-02 13:30:28 DEBUG    rasa.core.policies.memoization  - [debug    ] memoization.predict.actions    tracker_states=[{}, {'user': {'intent': 'greet'}, 'prev_action': {'action_name': 'action_listen'}}, {'user': {'intent': 'greet'}, 'prev_action': {'action_name': 'utter_greet'}}, {'user': {'intent': 'greet'}, 'prev_action': {'action_name': 'action_listen'}}, {'user': {'intent': 'greet'}, 'prev_action': {'action_name': 'utter_greet'}}, {'user': {'intent': 'ask_architecture'}, 'prev_action': {'action_name': 'action_listen'}}]
2025-05-02 13:30:28 DEBUG    rasa.core.policies.memoization  - There is no memorised next action
2025-05-02 13:30:28 DEBUG    rasa.engine.graph  - Node 'run_RulePolicy0' running 'RulePolicy.predict_action_probabilities'.
2025-05-02 13:30:28 DEBUG    rasa.core.policies.rule_policy  - [debug    ] rule_policy.actions.find       current_states=
[state 1] user intent: greet | previous action name: action_listen
[state 2] user intent: greet | previous action name: utter_greet
[state 3] user intent: greet | previous action name: action_listen
[state 4] user intent: greet | previous action name: utter_greet
[state 5] user text: Расскажите об архитектуре программного обеспечения | previous action name: action_listen
2025-05-02 13:30:28 DEBUG    rasa.core.policies.rule_policy  - There is no applicable rule.
2025-05-02 13:30:28 DEBUG    rasa.core.policies.rule_policy  - [debug    ] rule_policy.actions.find       current_states=
[state 1] user intent: greet | previous action name: action_listen
[state 2] user intent: greet | previous action name: utter_greet
[state 3] user intent: greet | previous action name: action_listen
[state 4] user intent: greet | previous action name: utter_greet
[state 5] user intent: ask_architecture | previous action name: action_listen
2025-05-02 13:30:28 DEBUG    rasa.core.policies.rule_policy  - There is a rule for the next action 'utter_architecture_response'.
2025-05-02 13:30:28 DEBUG    rasa.engine.graph  - Node 'run_TEDPolicy2' running 'TEDPolicy.predict_action_probabilities'.
2025-05-02 13:30:28 DEBUG    rasa.core.policies.ted_policy  - TED predicted 'utter_goodbye' based on user intent.
2025-05-02 13:30:28 DEBUG    rasa.engine.graph  - Node 'select_prediction' running 'DefaultPolicyPredictionEnsemble.combine_predictions_from_kwargs'.
2025-05-02 13:30:28 DEBUG    rasa.core.policies.ensemble  - Made prediction using user intent.
2025-05-02 13:30:28 DEBUG    rasa.core.policies.ensemble  - Added `DefinePrevUserUtteredFeaturization(False)` event.
2025-05-02 13:30:28 DEBUG    rasa.core.policies.ensemble  - Predicted next action using RulePolicy.
2025-05-02 13:30:28 DEBUG    rasa.core.processor  - Predicted next action 'utter_architecture_response' with confidence 1.00.
2025-05-02 13:30:28 DEBUG    rasa.core.processor  - [debug    ] processor.actions.policy_prediction prediction_events=[<rasa.shared.core.events.DefinePrevUserUtteredFeaturization object at 0x31973a160>]
2025-05-02 13:30:28 DEBUG    rasa.core.processor  - [debug    ] processor.actions.log          action_name=utter_architecture_response rasa_events=[BotUttered('Архитектура программного обеспечения включает выбор структур, которые обеспечивают масштабируемость, гибкость и поддерживаемость приложения. Задайте конкретный вопрос по этой теме, и я помогу вам с информацией.', {"elements": null, "quick_replies": null, "buttons": null, "attachment": null, "image": null, "custom": null}, {"utter_action": "utter_architecture_response"}, 1743634228.445308)]
2025-05-02 13:30:28 DEBUG    rasa.engine.runner.dask  - Running graph with inputs: {'__tracker__': <rasa.shared.core.trackers.DialogueStateTracker object at 0x3191dba00>}, targets: ['select_prediction'] and ExecutionContext(model_id='r43y5c8395434ac385e66b795f1422dd', should_add_diagnostic_data=False, is_finetuning=False, node_name=None).
2025-05-02 13:30:28 DEBUG    rasa.engine.graph  - Node 'rule_only_data_provider' running 'RuleOnlyDataProvider.provide'.
2025-05-02 13:30:28 DEBUG    rasa.engine.graph  - Node 'domain_provider' running 'DomainProvider.provide_inference'.
2025-05-02 13:30:28 DEBUG    rasa.engine.graph  - Node 'run_MemoizationPolicy1' running 'MemoizationPolicy.predict_action_probabilities'.
2025-05-02 13:30:28 DEBUG    rasa.core.policies.memoization  - [debug    ] memoization.predict.actions    tracker_states=[{}, {'user': {'intent': 'greet'}, 'prev_action': {'action_name': 'action_listen'}}, {'user': {'intent': 'greet'}, 'prev_action': {'action_name': 'utter_greet'}}, {'user': {'intent': 'greet'}, 'prev_action': {'action_name': 'action_listen'}}, {'user': {'intent': 'greet'}, 'prev_action': {'action_name': 'utter_greet'}}, {'user': {'intent': 'ask_architecture'}, 'prev_action': {'action_name': 'action_listen'}}, {'user': {'intent': 'ask_architecture'}, 'prev_action': {'action_name': 'utter_architecture_response'}}]
2025-05-02 13:30:28 DEBUG    rasa.core.policies.memoization  - There is no memorised next action
2025-05-02 13:30:28 DEBUG    rasa.engine.graph  - Node 'run_RulePolicy0' running 'RulePolicy.predict_action_probabilities'.
2025-05-02 13:30:28 DEBUG    rasa.core.policies.rule_policy  - [debug    ] rule_policy.actions.find       current_states=
[state 1] user intent: greet | previous action name: action_listen
[state 2] user intent: greet | previous action name: utter_greet
[state 3] user intent: greet | previous action name: action_listen
[state 4] user intent: greet | previous action name: utter_greet
[state 5] user intent: ask_architecture | previous action name: action_listen
[state 6] user intent: ask_architecture | previous action name: utter_architecture_response
2025-05-02 13:30:28 DEBUG    rasa.core.policies.rule_policy  - There is a rule for the next action 'action_listen'.
2025-05-02 13:30:28 DEBUG    rasa.engine.graph  - Node 'run_TEDPolicy2' running 'TEDPolicy.predict_action_probabilities'.
2025-05-02 13:30:28 DEBUG    rasa.core.policies.ted_policy  - TED predicted 'action_session_start' based on user intent.
2025-05-02 13:30:28 DEBUG    rasa.engine.graph  - Node 'select_prediction' running 'DefaultPolicyPredictionEnsemble.combine_predictions_from_kwargs'.
2025-05-02 13:30:28 DEBUG    rasa.core.policies.ensemble  - Predicted next action using RulePolicy.
2025-05-02 13:30:28 DEBUG    rasa.core.processor  - Predicted next action 'action_listen' with confidence 1.00.
2025-05-02 13:30:28 DEBUG    rasa.core.processor  - [debug    ] processor.actions.policy_prediction prediction_events=[]
2025-05-02 13:30:28 DEBUG    rasa.core.processor  - [debug    ] processor.actions.log          action_name=action_listen rasa_events=[]
2025-05-02 13:30:28 DEBUG    rasa.core.tracker_store  - No event broker configured. Skipping streaming events.
2025-05-02 13:30:28 DEBUG    rasa.core.lock_store  - Deleted lock for conversation 'PractikumStudent'.
2025-05-02 13:30:34 DEBUG    rasa.core.lock_store  - Issuing ticket for conversation 'PractikumStudent'.
2025-05-02 13:30:34 DEBUG    rasa.core.lock_store  - Acquiring lock for conversation 'PractikumStudent'.
2025-05-02 13:30:34 DEBUG    rasa.core.lock_store  - Acquired lock for conversation 'PractikumStudent'.
2025-05-02 13:30:34 DEBUG    rasa.core.tracker_store  - Recreating tracker for id 'PractikumStudent'
2025-05-02 13:30:34 DEBUG    rasa.engine.runner.dask  - Running graph with inputs: {'__message__': [<rasa.core.channels.channel.UserMessage object at 0x31a63cca0>], '__tracker__': <rasa.shared.core.trackers.DialogueStateTracker object at 0x31d8cfd30>}, targets: ['run_RegexMessageHandler'] and ExecutionContext(model_id='r43y5c8395434ac385e66b795f1422dd', should_add_diagnostic_data=False, is_finetuning=False, node_name=None).
2025-05-02 13:30:34 DEBUG    rasa.engine.graph  - Node 'nlu_message_converter' running 'NLUMessageConverter.convert_user_message'.
2025-05-02 13:30:34 DEBUG    rasa.engine.graph  - Node 'run_WhitespaceTokenizer0' running 'WhitespaceTokenizer.process'.
2025-05-02 13:30:34 DEBUG    rasa.engine.graph  - Node 'run_RegexFeaturizer1' running 'RegexFeaturizer.process'.
2025-05-02 13:30:34 DEBUG    rasa.engine.graph  - Node 'run_LexicalSyntacticFeaturizer2' running 'LexicalSyntacticFeaturizer.process'.
2025-05-02 13:30:34 DEBUG    rasa.engine.graph  - Node 'run_CountVectorsFeaturizer3' running 'CountVectorsFeaturizer.process'.
2025-05-02 13:30:34 DEBUG    rasa.engine.graph  - Node 'run_LanguageModelFeaturizer4' running 'LanguageModelFeaturizer.process'.
2025-05-02 13:30:34 DEBUG    rasa.engine.graph  - Node 'run_DIETClassifier5' running 'DIETClassifier.process'.
2025-05-02 13:30:34 DEBUG    rasa.engine.graph  - Node 'run_FallbackClassifier6' running 'FallbackClassifier.process'.
2025-05-02 13:30:34 DEBUG    rasa.engine.graph  - Node 'domain_provider' running 'DomainProvider.provide_inference'.
2025-05-02 13:30:34 DEBUG    rasa.engine.graph  - Node 'run_RegexMessageHandler' running 'RegexMessageHandler.process'.
2025-05-02 13:30:34 DEBUG    rasa.core.processor  - [debug    ] processor.message.parse        parse_data_entities=[] parse_data_intent={'name': 'request_info', 'confidence': 0.9999997615814209} parse_data_text=Какие есть детали?
2025-05-02 13:30:34 DEBUG    rasa.core.processor  - Logged UserUtterance - tracker now has 22 events.
2025-05-02 13:30:34 DEBUG    rasa.core.actions.action  - Validating extracted slots: topic
2025-05-02 13:30:34 DEBUG    rasa.core.processor  - [debug    ] processor.extract.slots        action_extract_slot=action_extract_slots len_extraction_events=1 rasa_events=[SlotSet(key: topic, value: Какие есть детали?)]
2025-05-02 13:30:34 DEBUG    rasa.engine.runner.dask  - Running graph with inputs: {'__tracker__': <rasa.shared.core.trackers.DialogueStateTracker object at 0x31d8cfd30>}, targets: ['select_prediction'] and ExecutionContext(model_id='r43y5c8395434ac385e66b795f1422dd', should_add_diagnostic_data=False, is_finetuning=False, node_name=None).
2025-05-02 13:30:34 DEBUG    rasa.engine.graph  - Node 'rule_only_data_provider' running 'RuleOnlyDataProvider.provide'.
2025-05-02 13:30:34 DEBUG    rasa.engine.graph  - Node 'domain_provider' running 'DomainProvider.provide_inference'.
2025-05-02 13:30:34 DEBUG    rasa.engine.graph  - Node 'run_MemoizationPolicy1' running 'MemoizationPolicy.predict_action_probabilities'.
2025-05-02 13:30:34 DEBUG    rasa.core.policies.memoization  - [debug    ] memoization.predict.actions    tracker_states=[{}, {'user': {'intent': 'greet'}, 'prev_action': {'action_name': 'action_listen'}}, {'user': {'intent': 'greet'}, 'prev_action': {'action_name': 'utter_greet'}}, {'user': {'intent': 'greet'}, 'prev_action': {'action_name': 'action_listen'}}, {'user': {'intent': 'greet'}, 'prev_action': {'action_name': 'utter_greet'}}, {'user': {'intent': 'ask_architecture'}, 'prev_action': {'action_name': 'action_listen'}}, {'user': {'intent': 'ask_architecture'}, 'prev_action': {'action_name': 'utter_architecture_response'}}, {'user': {'intent': 'request_info'}, 'prev_action': {'action_name': 'action_listen'}}]
2025-05-02 13:30:34 DEBUG    rasa.core.policies.memoization  - There is no memorised next action
2025-05-02 13:30:34 DEBUG    rasa.engine.graph  - Node 'run_RulePolicy0' running 'RulePolicy.predict_action_probabilities'.
2025-05-02 13:30:34 DEBUG    rasa.core.policies.rule_policy  - [debug    ] rule_policy.actions.find       current_states=
[state 1] user intent: greet | previous action name: action_listen
[state 2] user intent: greet | previous action name: utter_greet
[state 3] user intent: greet | previous action name: action_listen
[state 4] user intent: greet | previous action name: utter_greet
[state 5] user intent: ask_architecture | previous action name: action_listen
[state 6] user intent: ask_architecture | previous action name: utter_architecture_response
[state 7] user text: Какие есть детали? | previous action name: action_listen
2025-05-02 13:30:34 DEBUG    rasa.core.policies.rule_policy  - There is no applicable rule.
2025-05-02 13:30:34 DEBUG    rasa.core.policies.rule_policy  - [debug    ] rule_policy.actions.find       current_states=
[state 1] user intent: greet | previous action name: action_listen
[state 2] user intent: greet | previous action name: utter_greet
[state 3] user intent: greet | previous action name: action_listen
[state 4] user intent: greet | previous action name: utter_greet
[state 5] user intent: ask_architecture | previous action name: action_listen
[state 6] user intent: ask_architecture | previous action name: utter_architecture_response
[state 7] user intent: request_info | previous action name: action_listen
2025-05-02 13:30:34 DEBUG    rasa.core.policies.rule_policy  - There is a rule for the next action 'utter_ask_more'.
2025-05-02 13:30:34 DEBUG    rasa.engine.graph  - Node 'run_TEDPolicy2' running 'TEDPolicy.predict_action_probabilities'.
2025-05-02 13:30:34 DEBUG    rasa.core.policies.ted_policy  - TED predicted 'action_default_ask_affirmation' based on user intent.
2025-05-02 13:30:34 DEBUG    rasa.engine.graph  - Node 'select_prediction' running 'DefaultPolicyPredictionEnsemble.combine_predictions_from_kwargs'.
2025-05-02 13:30:34 DEBUG    rasa.core.policies.ensemble  - Made prediction using user intent.
2025-05-02 13:30:34 DEBUG    rasa.core.policies.ensemble  - Added `DefinePrevUserUtteredFeaturization(False)` event.
2025-05-02 13:30:34 DEBUG    rasa.core.policies.ensemble  - Predicted next action using RulePolicy.
2025-05-02 13:30:34 DEBUG    rasa.core.processor  - Predicted next action 'utter_ask_more' with confidence 1.00.
2025-05-02 13:30:34 DEBUG    rasa.core.processor  - [debug    ] processor.actions.policy_prediction prediction_events=[<rasa.shared.core.events.DefinePrevUserUtteredFeaturization object at 0x31973a970>]
2025-05-02 13:30:34 DEBUG    rasa.core.processor  - [debug    ] processor.actions.log          action_name=utter_ask_more rasa_events=[BotUttered('Что именно вас интересует в архитектуре программного обеспечения?', {"elements": null, "quick_replies": null, "buttons": null, "attachment": null, "image": null, "custom": null}, {"utter_action": "utter_ask_more"}, 1743634234.53597)]
2025-05-02 13:30:34 DEBUG    rasa.engine.runner.dask  - Running graph with inputs: {'__tracker__': <rasa.shared.core.trackers.DialogueStateTracker object at 0x31d8cfd30>}, targets: ['select_prediction'] and ExecutionContext(model_id='r43y5c8395434ac385e66b795f1422dd', should_add_diagnostic_data=False, is_finetuning=False, node_name=None).
2025-05-02 13:30:34 DEBUG    rasa.engine.graph  - Node 'rule_only_data_provider' running 'RuleOnlyDataProvider.provide'.
2025-05-02 13:30:34 DEBUG    rasa.engine.graph  - Node 'domain_provider' running 'DomainProvider.provide_inference'.
2025-05-02 13:30:34 DEBUG    rasa.engine.graph  - Node 'run_MemoizationPolicy1' running 'MemoizationPolicy.predict_action_probabilities'.
2025-05-02 13:30:34 DEBUG    rasa.core.policies.memoization  - [debug    ] memoization.predict.actions    tracker_states=[{}, {'user': {'intent': 'greet'}, 'prev_action': {'action_name': 'action_listen'}}, {'user': {'intent': 'greet'}, 'prev_action': {'action_name': 'utter_greet'}}, {'user': {'intent': 'greet'}, 'prev_action': {'action_name': 'action_listen'}}, {'user': {'intent': 'greet'}, 'prev_action': {'action_name': 'utter_greet'}}, {'user': {'intent': 'ask_architecture'}, 'prev_action': {'action_name': 'action_listen'}}, {'user': {'intent': 'ask_architecture'}, 'prev_action': {'action_name': 'utter_architecture_response'}}, {'user': {'intent': 'request_info'}, 'prev_action': {'action_name': 'action_listen'}}, {'user': {'intent': 'request_info'}, 'prev_action': {'action_name': 'utter_ask_more'}}]
2025-05-02 13:30:34 DEBUG    rasa.core.policies.memoization  - There is no memorised next action
2025-05-02 13:30:34 DEBUG    rasa.engine.graph  - Node 'run_RulePolicy0' running 'RulePolicy.predict_action_probabilities'.
2025-05-02 13:30:34 DEBUG    rasa.core.policies.rule_policy  - [debug    ] rule_policy.actions.find       current_states=
[state 1] user intent: greet | previous action name: action_listen
[state 2] user intent: greet | previous action name: utter_greet
[state 3] user intent: greet | previous action name: action_listen
[state 4] user intent: greet | previous action name: utter_greet
[state 5] user intent: ask_architecture | previous action name: action_listen
[state 6] user intent: ask_architecture | previous action name: utter_architecture_response
[state 7] user intent: request_info | previous action name: action_listen
[state 8] user intent: request_info | previous action name: utter_ask_more
2025-05-02 13:30:34 DEBUG    rasa.core.policies.rule_policy  - There is a rule for the next action 'action_listen'.
2025-05-02 13:30:34 DEBUG    rasa.engine.graph  - Node 'run_TEDPolicy2' running 'TEDPolicy.predict_action_probabilities'.
2025-05-02 13:30:34 DEBUG    rasa.core.policies.ted_policy  - TED predicted 'utter_goodbye' based on user intent.
2025-05-02 13:30:34 DEBUG    rasa.engine.graph  - Node 'select_prediction' running 'DefaultPolicyPredictionEnsemble.combine_predictions_from_kwargs'.
2025-05-02 13:30:34 DEBUG    rasa.core.policies.ensemble  - Predicted next action using RulePolicy.
2025-05-02 13:30:34 DEBUG    rasa.core.processor  - Predicted next action 'action_listen' with confidence 1.00.
2025-05-02 13:30:34 DEBUG    rasa.core.processor  - [debug    ] processor.actions.policy_prediction prediction_events=[]
2025-05-02 13:30:34 DEBUG    rasa.core.processor  - [debug    ] processor.actions.log          action_name=action_listen rasa_events=[]
2025-05-02 13:30:34 DEBUG    rasa.core.tracker_store  - No event broker configured. Skipping streaming events.
2025-05-02 13:30:34 DEBUG    rasa.core.lock_store  - Deleted lock for conversation 'PractikumStudent'.
2025-05-02 13:30:42 DEBUG    rasa.core.lock_store  - Issuing ticket for conversation 'PractikumStudent'.
2025-05-02 13:30:42 DEBUG    rasa.core.lock_store  - Acquiring lock for conversation 'PractikumStudent'.
2025-05-02 13:30:42 DEBUG    rasa.core.lock_store  - Acquired lock for conversation 'PractikumStudent'.
2025-05-02 13:30:42 DEBUG    rasa.core.tracker_store  - Recreating tracker for id 'PractikumStudent'
2025-05-02 13:30:42 DEBUG    rasa.engine.runner.dask  - Running graph with inputs: {'__message__': [<rasa.core.channels.channel.UserMessage object at 0x31d8cfc70>], '__tracker__': <rasa.shared.core.trackers.DialogueStateTracker object at 0x3191dbd00>}, targets: ['run_RegexMessageHandler'] and ExecutionContext(model_id='r43y5c8395434ac385e66b795f1422dd', should_add_diagnostic_data=False, is_finetuning=False, node_name=None).
2025-05-02 13:30:42 DEBUG    rasa.engine.graph  - Node 'nlu_message_converter' running 'NLUMessageConverter.convert_user_message'.
2025-05-02 13:30:42 DEBUG    rasa.engine.graph  - Node 'run_WhitespaceTokenizer0' running 'WhitespaceTokenizer.process'.
2025-05-02 13:30:42 DEBUG    rasa.engine.graph  - Node 'run_RegexFeaturizer1' running 'RegexFeaturizer.process'.
2025-05-02 13:30:42 DEBUG    rasa.engine.graph  - Node 'run_LexicalSyntacticFeaturizer2' running 'LexicalSyntacticFeaturizer.process'.
2025-05-02 13:30:42 DEBUG    rasa.engine.graph  - Node 'run_CountVectorsFeaturizer3' running 'CountVectorsFeaturizer.process'.
2025-05-02 13:30:42 DEBUG    rasa.engine.graph  - Node 'run_LanguageModelFeaturizer4' running 'LanguageModelFeaturizer.process'.
2025-05-02 13:30:42 DEBUG    rasa.engine.graph  - Node 'run_DIETClassifier5' running 'DIETClassifier.process'.
2025-05-02 13:30:42 DEBUG    rasa.engine.graph  - Node 'run_FallbackClassifier6' running 'FallbackClassifier.process'.
2025-05-02 13:30:42 DEBUG    rasa.engine.graph  - Node 'domain_provider' running 'DomainProvider.provide_inference'.
2025-05-02 13:30:42 DEBUG    rasa.engine.graph  - Node 'run_RegexMessageHandler' running 'RegexMessageHandler.process'.
2025-05-02 13:30:42 DEBUG    rasa.core.processor  - [debug    ] processor.message.parse        parse_data_entities=[] parse_data_intent={'name': 'goodbye', 'confidence': 0.9999995231628418} parse_data_text=До свидания
2025-05-02 13:30:42 DEBUG    rasa.core.processor  - Logged UserUtterance - tracker now has 28 events.
2025-05-02 13:30:42 DEBUG    rasa.core.actions.action  - Validating extracted slots: topic
2025-05-02 13:30:42 DEBUG    rasa.core.processor  - [debug    ] processor.extract.slots        action_extract_slot=action_extract_slots len_extraction_events=1 rasa_events=[SlotSet(key: topic, value: До свидания)]
2025-05-02 13:30:42 DEBUG    rasa.engine.runner.dask  - Running graph with inputs: {'__tracker__': <rasa.shared.core.trackers.DialogueStateTracker object at 0x3191dbd00>}, targets: ['select_prediction'] and ExecutionContext(model_id='r43y5c8395434ac385e66b795f1422dd', should_add_diagnostic_data=False, is_finetuning=False, node_name=None).
2025-05-02 13:30:42 DEBUG    rasa.engine.graph  - Node 'rule_only_data_provider' running 'RuleOnlyDataProvider.provide'.
2025-05-02 13:30:42 DEBUG    rasa.engine.graph  - Node 'domain_provider' running 'DomainProvider.provide_inference'.
2025-05-02 13:30:42 DEBUG    rasa.engine.graph  - Node 'run_MemoizationPolicy1' running 'MemoizationPolicy.predict_action_probabilities'.
2025-05-02 13:30:42 DEBUG    rasa.core.policies.memoization  - [debug    ] memoization.predict.actions    tracker_states=[{}, {'user': {'intent': 'greet'}, 'prev_action': {'action_name': 'action_listen'}}, {'user': {'intent': 'greet'}, 'prev_action': {'action_name': 'utter_greet'}}, {'user': {'intent': 'greet'}, 'prev_action': {'action_name': 'action_listen'}}, {'user': {'intent': 'greet'}, 'prev_action': {'action_name': 'utter_greet'}}, {'user': {'intent': 'ask_architecture'}, 'prev_action': {'action_name': 'action_listen'}}, {'user': {'intent': 'ask_architecture'}, 'prev_action': {'action_name': 'utter_architecture_response'}}, {'user': {'intent': 'request_info'}, 'prev_action': {'action_name': 'action_listen'}}, {'user': {'intent': 'request_info'}, 'prev_action': {'action_name': 'utter_ask_more'}}, {'user': {'intent': 'goodbye'}, 'prev_action': {'action_name': 'action_listen'}}]
2025-05-02 13:30:42 DEBUG    rasa.core.policies.memoization  - There is no memorised next action
2025-05-02 13:30:42 DEBUG    rasa.engine.graph  - Node 'run_RulePolicy0' running 'RulePolicy.predict_action_probabilities'.
2025-05-02 13:30:42 DEBUG    rasa.core.policies.rule_policy  - [debug    ] rule_policy.actions.find       current_states=
[state 1] user intent: greet | previous action name: action_listen
[state 2] user intent: greet | previous action name: utter_greet
[state 3] user intent: greet | previous action name: action_listen
[state 4] user intent: greet | previous action name: utter_greet
[state 5] user intent: ask_architecture | previous action name: action_listen
[state 6] user intent: ask_architecture | previous action name: utter_architecture_response
[state 7] user intent: request_info | previous action name: action_listen
[state 8] user intent: request_info | previous action name: utter_ask_more
[state 9] user text: До свидания | previous action name: action_listen
2025-05-02 13:30:42 DEBUG    rasa.core.policies.rule_policy  - There is no applicable rule.
2025-05-02 13:30:42 DEBUG    rasa.core.policies.rule_policy  - [debug    ] rule_policy.actions.find       current_states=
[state 1] user intent: greet | previous action name: action_listen
[state 2] user intent: greet | previous action name: utter_greet
[state 3] user intent: greet | previous action name: action_listen
[state 4] user intent: greet | previous action name: utter_greet
[state 5] user intent: ask_architecture | previous action name: action_listen
[state 6] user intent: ask_architecture | previous action name: utter_architecture_response
[state 7] user intent: request_info | previous action name: action_listen
[state 8] user intent: request_info | previous action name: utter_ask_more
[state 9] user intent: goodbye | previous action name: action_listen
2025-05-02 13:30:42 DEBUG    rasa.core.policies.rule_policy  - There is a rule for the next action 'utter_goodbye'.
2025-05-02 13:30:42 DEBUG    rasa.engine.graph  - Node 'run_TEDPolicy2' running 'TEDPolicy.predict_action_probabilities'.
2025-05-02 13:30:42 DEBUG    rasa.core.policies.ted_policy  - TED predicted 'action_default_ask_affirmation' based on user intent.
2025-05-02 13:30:42 DEBUG    rasa.engine.graph  - Node 'select_prediction' running 'DefaultPolicyPredictionEnsemble.combine_predictions_from_kwargs'.
2025-05-02 13:30:42 DEBUG    rasa.core.policies.ensemble  - Made prediction using user intent.
2025-05-02 13:30:42 DEBUG    rasa.core.policies.ensemble  - Added `DefinePrevUserUtteredFeaturization(False)` event.
2025-05-02 13:30:42 DEBUG    rasa.core.policies.ensemble  - Predicted next action using RulePolicy.
2025-05-02 13:30:42 DEBUG    rasa.core.processor  - Predicted next action 'utter_goodbye' with confidence 1.00.
2025-05-02 13:30:42 DEBUG    rasa.core.processor  - [debug    ] processor.actions.policy_prediction prediction_events=[<rasa.shared.core.events.DefinePrevUserUtteredFeaturization object at 0x31c8cdb80>]
2025-05-02 13:30:42 DEBUG    rasa.core.processor  - [debug    ] processor.actions.log          action_name=utter_goodbye rasa_events=[BotUttered('До свидания! Если появятся вопросы по архитектуре программного обеспечения, обращайтесь.', {"elements": null, "quick_replies": null, "buttons": null, "attachment": null, "image": null, "custom": null}, {"utter_action": "utter_goodbye"}, 1743634242.805068)]
2025-05-02 13:30:42 DEBUG    rasa.engine.runner.dask  - Running graph with inputs: {'__tracker__': <rasa.shared.core.trackers.DialogueStateTracker object at 0x3191dbd00>}, targets: ['select_prediction'] and ExecutionContext(model_id='r43y5c8395434ac385e66b795f1422dd', should_add_diagnostic_data=False, is_finetuning=False, node_name=None).
2025-05-02 13:30:42 DEBUG    rasa.engine.graph  - Node 'rule_only_data_provider' running 'RuleOnlyDataProvider.provide'.
2025-05-02 13:30:42 DEBUG    rasa.engine.graph  - Node 'domain_provider' running 'DomainProvider.provide_inference'.
2025-05-02 13:30:42 DEBUG    rasa.engine.graph  - Node 'run_MemoizationPolicy1' running 'MemoizationPolicy.predict_action_probabilities'.
2025-05-02 13:30:42 DEBUG    rasa.core.policies.memoization  - [debug    ] memoization.predict.actions    tracker_states=[{}, {'user': {'intent': 'greet'}, 'prev_action': {'action_name': 'action_listen'}}, {'user': {'intent': 'greet'}, 'prev_action': {'action_name': 'utter_greet'}}, {'user': {'intent': 'greet'}, 'prev_action': {'action_name': 'action_listen'}}, {'user': {'intent': 'greet'}, 'prev_action': {'action_name': 'utter_greet'}}, {'user': {'intent': 'ask_architecture'}, 'prev_action': {'action_name': 'action_listen'}}, {'user': {'intent': 'ask_architecture'}, 'prev_action': {'action_name': 'utter_architecture_response'}}, {'user': {'intent': 'request_info'}, 'prev_action': {'action_name': 'action_listen'}}, {'user': {'intent': 'request_info'}, 'prev_action': {'action_name': 'utter_ask_more'}}, {'user': {'intent': 'goodbye'}, 'prev_action': {'action_name': 'action_listen'}}, {'user': {'intent': 'goodbye'}, 'prev_action': {'action_name': 'utter_goodbye'}}]
2025-05-02 13:30:42 DEBUG    rasa.core.policies.memoization  - There is no memorised next action
2025-05-02 13:30:42 DEBUG    rasa.engine.graph  - Node 'run_RulePolicy0' running 'RulePolicy.predict_action_probabilities'.
2025-05-02 13:30:42 DEBUG    rasa.core.policies.rule_policy  - [debug    ] rule_policy.actions.find       current_states=
[state 1] user intent: greet | previous action name: action_listen
[state 2] user intent: greet | previous action name: utter_greet
[state 3] user intent: greet | previous action name: action_listen
[state 4] user intent: greet | previous action name: utter_greet
[state 5] user intent: ask_architecture | previous action name: action_listen
[state 6] user intent: ask_architecture | previous action name: utter_architecture_response
[state 7] user intent: request_info | previous action name: action_listen
[state 8] user intent: request_info | previous action name: utter_ask_more
[state 9] user intent: goodbye | previous action name: action_listen
[state 10] user intent: goodbye | previous action name: utter_goodbye
2025-05-02 13:30:42 DEBUG    rasa.core.policies.rule_policy  - There is a rule for the next action 'action_listen'.
2025-05-02 13:30:42 DEBUG    rasa.engine.graph  - Node 'run_TEDPolicy2' running 'TEDPolicy.predict_action_probabilities'.
2025-05-02 13:30:42 DEBUG    rasa.core.policies.ted_policy  - TED predicted 'action_session_start' based on user intent.
2025-05-02 13:30:42 DEBUG    rasa.engine.graph  - Node 'select_prediction' running 'DefaultPolicyPredictionEnsemble.combine_predictions_from_kwargs'.
2025-05-02 13:30:42 DEBUG    rasa.core.policies.ensemble  - Predicted next action using RulePolicy.
2025-05-02 13:30:42 DEBUG    rasa.core.processor  - Predicted next action 'action_listen' with confidence 1.00.
2025-05-02 13:30:42 DEBUG    rasa.core.processor  - [debug    ] processor.actions.policy_prediction prediction_events=[]
2025-05-02 13:30:42 DEBUG    rasa.core.processor  - [debug    ] processor.actions.log          action_name=action_listen rasa_events=[]
2025-05-02 13:30:42 DEBUG    rasa.core.tracker_store  - No event broker configured. Skipping streaming events.
2025-05-02 13:30:42 DEBUG    rasa.core.lock_store  - Deleted lock for conversation 'PractikumStudent'.